no,date,count,mean,min,max,diff,first_hit
145,20190108,10,224,44,503,-1308,223
146,20190108,9,275,133,681,-2162,191
147,20190108,13,209,50,563,-482,26
148,20190108,4,152,48,346,2162,48
149,20190108,10,287,38,736,-856,93
150,20190108,8,204,128,373,641,233
151,20190108,11,174,46,428,-909,167
152,20190108,3,291,95,633,347,21
153,20190108,4,339,171,528,-1338,376
154,20190108,7,268,68,925,-2247,1
155,20190108,15,156,37,323,-174,144
156,20190108,7,243,50,1006,456,108
157,20190108,9,101,35,218,5029,7
158,20190108,7,138,51,317,3821,317
159,20190108,10,251,83,551,324,21
161,20190108,5,278,66,667,-129,349
162,20190108,11,363,58,1006,-4746,270
163,20190108,2,333,232,434,-1147,434
164,20190108,9,166,69,317,460,139
165,20190108,12,213,60,502,185,117
166,20190108,13,231,55,823,-729,217
167,20190108,9,230,39,500,-224,498
168,20190108,10,185,60,471,1200,76
169,20190108,9,300,58,612,1348,4
171,20190108,8,130,45,367,4941,6
172,20190108,4,239,50,470,-370,60
173,20190108,12,214,60,432,-1878,285
174,20190108,11,245,56,550,-206,3
175,20190108,9,194,54,380,-97,8
176,20190108,9,308,92,738,35,92
145,20190109,9,258,41,610,-1383,237
146,20190109,3,220,76,490,-644,490
147,20190109,14,161,34,575,540,134
148,20190109,7,164,42,350,488,350
149,20190109,8,145,37,357,1356,37
150,20190109,2,178,153,204,3080,153
151,20190109,2,556,512,601,-1935,512
152,20190109,9,285,50,999,-2340,8
153,20190109,6,203,41,431,-386,346
154,20190109,12,202,38,702,2126,13
155,20190109,3,314,261,393,543,393
156,20190109,1,171,171,171,127,171
157,20190109,8,111,38,242,4664,102
159,20190109,7,140,34,286,4129,119
161,20190109,7,237,55,444,311,15
163,20190109,3,207,156,289,1947,176
164,20190109,14,172,39,571,1981,12
165,20190109,6,223,42,606,-221,72
166,20190109,4,289,55,839,-1892,839
167,20190109,12,158,42,302,2403,21
168,20190109,7,145,46,344,-390,344
170,20190109,9,268,67,499,1834,6
171,20190109,3,225,135,324,14,324
172,20190109,5,338,35,1000,1977,400
173,20190109,3,285,157,462,-350,462
174,20190109,10,276,55,559,-2891,93
175,20190109,15,200,41,497,-540,69
176,20190109,8,230,80,461,-882,454
145,20190110,14,231,65,786,-2905,150
146,20190110,15,213,62,763,-1646,103
147,20190110,8,179,65,386,2232,386
148,20190110,3,266,50,563,1102,563
149,20190110,9,308,51,931,-1303,5
150,20190110,9,226,84,348,1183,3
151,20190110,12,277,42,882,-3016,149
152,20190110,11,216,56,595,-477,137
153,20190110,3,227,119,359,912,205
154,20190110,7,326,56,805,1523,3
155,20190110,4,193,87,313,539,242
156,20190110,5,342,268,446,-2044,377
157,20190110,5,179,82,325,1753,82
158,20190110,6,112,51,187,2410,51
159,20190110,6,320,130,553,-2752,12
161,20190110,9,222,58,913,1025,130
163,20190110,10,276,38,776,-3032,11
164,20190110,2,386,179,593,-1378,593
165,20190110,14,191,36,647,-699,45
166,20190110,3,209,149,270,6003,5
167,20190110,9,258,37,694,-1898,202
168,20190110,6,248,92,374,912,18
169,20190110,4,413,36,732,-1470,36
170,20190110,5,174,35,573,2364,35
171,20190110,8,156,39,277,1870,270
172,20190110,13,182,63,379,2179,146
173,20190110,5,243,44,787,1946,128
174,20190110,10,283,86,860,-1692,126
175,20190110,8,522,71,1078,-5840,1024
176,20190110,13,204,43,496,-2347,132
145,20190111,14,228,40,676,-2365,7
146,20190111,12,189,47,638,1669,68
147,20190111,9,258,45,600,-33,183
148,20190111,11,259,35,951,1321,28
149,20190111,8,407,48,782,-2981,553
150,20190111,13,196,46,640,23,191
151,20190111,20,177,38,1030,366,646
152,20190111,11,195,38,499,1078,91
153,20190111,10,210,61,423,3005,121
154,20190111,11,216,36,696,70,185
155,20190111,13,174,37,630,1226,124
156,20190111,12,194,45,432,248,68
157,20190111,13,247,44,804,-3027,258
158,20190111,13,260,65,858,-2656,167
159,20190111,11,236,56,493,1100,260
161,20190111,10,236,38,640,1151,69
163,20190111,13,207,44,643,1556,100
164,20190111,20,196,36,506,-3959,282
165,20190111,14,205,38,542,-1045,54
166,20190111,7,308,62,671,-1423,31
167,20190111,6,412,80,852,-620,101
168,20190111,13,189,34,449,2058,34
169,20190111,12,209,41,419,3883,41
170,20190111,11,274,50,902,-851,50
171,20190111,12,217,34,596,706,312
172,20190111,11,229,58,801,570,15
173,20190111,13,190,35,690,4045,118
174,20190111,17,152,34,446,-222,264
175,20190111,15,225,50,689,-897,102
176,20190111,17,174,37,590,-99,41
145,20190113,23,231,36,764,-5904,112
146,20190113,16,330,43,1012,-582,18
147,20190113,16,278,59,735,360,490
148,20190113,22,184,35,430,-196,42
149,20190113,23,171,39,585,3562,39
150,20190113,20,223,49,999,-1032,309
151,20190113,21,182,35,451,4497,257
152,20190113,27,199,36,620,-4075,28
153,20190113,13,320,35,904,-3320,423
154,20190113,15,230,46,666,6939,22
155,20190113,15,220,42,515,-832,4
156,20190113,14,225,44,744,2443,14
157,20190113,15,279,74,1000,-1060,74
158,20190113,24,199,51,609,1287,71
159,20190113,13,300,76,911,-674,135
160,20190113,17,216,34,697,2040,174
161,20190113,25,163,34,1012,2070,158
162,20190113,22,209,41,1000,2048,56
163,20190113,17,243,40,756,1639,50
164,20190113,21,260,50,1000,-3210,50
165,20190113,19,185,38,554,2105,81
166,20190113,13,352,35,1000,-4843,902
167,20190113,16,203,53,612,1756,28
168,20190113,23,224,34,720,-4725,383
169,20190113,11,277,107,480,864,480
170,20190113,16,175,40,635,3830,17
171,20190113,21,203,36,796,4169,383
172,20190113,16,317,66,974,-5178,162
173,20190113,24,174,38,557,3840,26
174,20190113,28,147,41,507,964,5
175,20190113,27,148,34,484,2231,1
176,20190113,19,357,35,1006,-7214,83
145,20190114,22,182,35,543,1113,90
146,20190114,16,249,53,953,-2085,100
147,20190114,24,194,36,634,1611,80
148,20190114,18,244,64,629,-2398,24
149,20190114,15,292,36,1007,-5023,419
150,20190114,19,207,46,769,-23,431
151,20190114,14,186,42,793,2683,116
152,20190114,18,271,36,944,-3344,77
153,20190114,12,106,35,175,10329,22
154,20190114,14,217,37,657,-3068,22
155,20190114,15,310,37,762,-4027,13
156,20190114,17,213,34,660,1682,162
157,20190114,11,338,83,1035,2565,468
158,20190114,20,254,55,713,-1839,4
159,20190114,12,281,44,603,-3178,507
160,20190114,13,312,82,743,-2358,344
161,20190114,30,197,36,753,-528,275
162,20190114,22,178,48,787,2009,90
163,20190114,16,224,51,1000,-163,132
164,20190114,21,214,34,1012,409,66
165,20190114,15,365,86,1012,-7400,221
166,20190114,9,303,41,809,2593,15
167,20190114,19,185,43,570,5522,570
168,20190114,15,258,36,511,3331,18
169,20190114,16,290,38,1006,1360,273
170,20190114,19,258,37,939,-117,320
171,20190114,10,350,34,999,-806,263
172,20190114,17,276,34,825,-3173,406
173,20190114,23,201,39,790,-2609,83
174,20190114,20,189,35,624,3941,15
175,20190114,17,227,35,751,2970,10
176,20190114,24,196,40,793,-174,72
145,20190115,15,200,40,968,1594,17
146,20190115,14,145,42,420,2223,143
147,20190115,6,241,39,492,277,492
148,20190115,10,221,68,756,989,245
149,20190115,2,611,567,656,-1965,567
150,20190115,8,250,63,466,1940,206
151,20190115,15,188,34,562,1767,14
152,20190115,13,164,36,424,2846,254
153,20190115,10,326,131,901,-4965,593
154,20190115,4,341,53,645,-1298,645
155,20190115,13,255,49,1006,-2421,83
156,20190115,11,179,45,561,-780,21
157,20190115,3,402,34,782,-1663,34
158,20190115,13,148,34,680,2993,124
159,20190115,7,228,44,534,-1616,6
160,20190115,3,44,35,57,9439,57
161,20190115,12,217,34,715,-1302,49
162,20190115,4,238,73,594,3219,73
163,20190115,2,240,184,297,2949,2
164,20190115,6,201,35,440,6171,35
165,20190115,8,218,50,503,-583,347
166,20190115,6,319,77,960,-2787,172
167,20190115,3,389,193,681,333,681
168,20190115,5,491,155,1006,-3203,1
169,20190115,5,395,88,724,-3287,724
170,20190115,16,200,41,575,-1977,155
171,20190115,3,417,91,620,-828,91
172,20190115,16,208,42,636,-2595,49
173,20190115,8,332,47,721,-1908,322
174,20190115,11,213,39,849,-2275,39
175,20190115,10,199,42,466,-35,194
176,20190115,14,304,56,1005,-4381,148
145,20190117,11,253,43,780,-1225,164
146,20190117,16,210,35,581,-1015,293
147,20190117,13,270,57,651,-1037,71
148,20190117,13,184,36,417,2829,26
149,20190117,13,230,86,1024,-105,102
150,20190117,6,232,65,610,-1434,293
151,20190117,14,197,44,431,632,99
152,20190117,9,282,34,1000,4846,144
153,20190117,13,191,35,654,2977,314
154,20190117,13,295,70,1001,-2310,577
155,20190117,10,280,46,573,156,32
156,20190117,8,334,54,738,-86,738
157,20190117,16,263,37,1006,-2809,271
158,20190117,10,298,41,885,1013,244
159,20190117,16,243,38,934,-5165,631
160,20190117,11,187,41,480,787,480
161,20190117,10,221,44,557,-2453,44
162,20190117,8,251,89,831,1779,21
163,20190117,12,269,88,766,-2363,371
164,20190117,12,311,73,1024,-3332,483
165,20190117,7,272,42,463,-1549,24
166,20190117,11,237,34,633,-1118,34
167,20190117,11,169,44,395,4278,94
168,20190117,14,214,39,646,-173,138
169,20190117,11,280,49,735,-1104,198
170,20190117,10,285,121,656,-1673,656
171,20190117,7,184,65,467,4526,65
172,20190117,19,222,46,565,-3955,117
173,20190117,9,259,39,608,-1501,92
174,20190117,9,213,46,585,4374,585
175,20190117,19,165,40,543,-2014,65
176,20190117,13,237,65,1000,264,115
145,20190118,10,293,39,968,-1391,172
146,20190118,5,342,54,871,-1426,401
147,20190118,7,294,86,575,-1363,372
148,20190118,11,236,39,485,2105,218
149,20190118,11,175,45,587,2065,587
150,20190118,7,165,40,260,3949,138
151,20190118,5,280,180,407,2371,322
152,20190118,2,139,63,216,30,216
153,20190118,12,167,40,594,558,14
154,20190118,7,308,55,976,1514,55
155,20190118,12,257,44,822,-2360,160
156,20190118,13,206,113,401,-604,248
157,20190118,14,160,39,448,3358,45
158,20190118,9,185,34,441,1709,110
159,20190118,14,244,36,883,-2251,5
160,20190118,12,158,37,375,4154,20
161,20190118,12,200,71,565,-291,530
162,20190118,5,281,93,625,-1106,430
163,20190118,13,259,40,1001,992,9
164,20190118,7,306,49,854,-1501,330
165,20190118,6,268,34,1012,2281,34
166,20190118,10,275,67,622,-443,125
167,20190118,7,239,35,780,-1959,35
168,20190118,16,219,40,597,1057,40
169,20190118,8,200,77,455,2026,227
170,20190118,4,559,39,1012,-410,31
171,20190118,5,352,68,1000,-636,185
172,20190118,12,234,50,707,-1619,50
173,20190118,11,296,38,832,-2973,79
174,20190118,6,135,51,323,379,323
175,20190118,7,338,132,642,398,27
176,20190118,8,262,57,573,-1403,167
145,20190119,17,273,45,927,-3533,558
146,20190119,9,294,151,497,-481,475
147,20190119,14,242,35,516,-269,35
148,20190119,13,261,35,1030,-1953,102
149,20190119,21,214,36,483,3719,20
150,20190119,7,334,102,499,-2033,499
151,20190119,18,177,38,515,3564,73
152,20190119,18,188,35,561,2427,326
153,20190119,8,418,93,959,-5429,959
154,20190119,19,241,38,644,-3676,168
155,20190119,20,268,35,1018,834,53
156,20190119,13,283,48,867,-3761,513
157,20190119,15,161,43,346,4926,346
158,20190119,7,336,115,570,-826,275
159,20190119,19,232,35,540,-1339,204
160,20190119,12,331,34,740,-1201,11
161,20190119,19,261,60,773,-5841,412
162,20190119,18,234,56,720,-3986,177
163,20190119,13,181,36,738,-403,126
164,20190119,15,232,45,555,3427,83
165,20190119,12,155,35,410,1555,288
166,20190119,20,236,43,763,292,14
167,20190119,16,172,35,566,6605,69
168,20190119,8,395,40,796,2109,522
169,20190119,13,212,36,790,523,187
170,20190119,16,281,42,1006,-5022,348
171,20190119,11,228,37,748,-936,51
172,20190119,23,147,36,733,5028,733
173,20190119,17,215,42,635,-270,237
174,20190119,21,203,48,662,-676,662
175,20190119,19,193,34,891,285,52
176,20190119,27,173,34,550,2557,67
145,20190120,16,212,38,825,-1101,350
146,20190120,16,221,50,644,-1610,487
147,20190120,13,240,54,831,1842,140
148,20190120,19,263,74,583,-3975,583
149,20190120,16,232,43,1032,1833,185
150,20190120,24,239,45,959,-7157,75
151,20190120,14,250,38,543,3185,78
152,20190120,13,257,35,731,-1048,301
153,20190120,19,196,40,613,3156,568
154,20190120,23,207,41,684,1768,108
155,20190120,23,212,36,748,-3976,222
156,20190120,13,280,47,758,-1393,17
157,20190120,12,236,49,608,857,196
158,20190120,20,144,38,427,6631,189
159,20190120,18,208,40,1000,-1865,79
160,20190120,18,236,48,899,-2064,102
161,20190120,16,235,41,851,4467,253
162,20190120,14,224,55,544,-1844,473
163,20190120,21,240,38,1000,-423,140
164,20190120,14,205,36,534,1936,78
165,20190120,20,225,48,1011,-1743,177
166,20190120,15,234,43,542,-3549,143
167,20190120,8,377,34,1000,2649,34
168,20190120,12,278,49,820,-1903,174
169,20190120,14,301,34,1001,-3963,613
170,20190120,15,370,62,966,-5985,123
171,20190120,18,193,37,430,817,25
172,20190120,13,296,41,1011,-2091,8
173,20190120,18,199,45,506,552,208
174,20190120,19,186,43,670,2537,295
175,20190120,17,219,61,590,474,26
176,20190120,21,211,61,1000,2038,543
145,20190121,9,346,128,971,-1497,137
146,20190121,3,521,127,1011,-864,127
147,20190121,10,222,34,789,131,394
148,20190121,10,224,44,778,2034,81
149,20190121,7,218,43,467,-1869,43
150,20190121,15,219,35,1036,-2593,172
151,20190121,9,150,38,263,2493,217
152,20190121,7,272,44,566,803,330
153,20190121,8,216,91,554,112,554
154,20190121,9,219,49,405,-1286,49
155,20190121,10,223,44,489,736,7
156,20190121,9,285,45,760,-2558,14
157,20190121,15,157,36,466,-1042,36
158,20190121,2,93,70,117,342,117
159,20190121,7,370,34,999,-2280,629
160,20190121,9,224,47,655,-2469,655
161,20190121,10,236,43,1000,-233,120
162,20190121,10,220,53,608,-2058,267
163,20190121,9,187,87,413,4460,30
164,20190121,3,151,42,215,852,42
165,20190121,9,208,34,461,1466,18
166,20190121,5,426,94,971,-1729,255
167,20190121,4,230,65,424,167,65
168,20190121,5,170,60,294,-257,294
169,20190121,3,272,136,354,3657,354
170,20190121,16,208,43,804,1104,54
171,20190121,4,403,229,636,-2888,229
172,20190121,12,188,51,495,265,8
173,20190121,11,153,38,302,-155,287
174,20190121,5,289,89,527,-1355,216
175,20190121,12,276,77,704,-4342,32
176,20190121,13,182,72,481,620,79
145,20190122,17,205,36,534,2301,36
146,20190122,13,209,40,491,1622,5
147,20190122,9,214,58,488,1386,63
148,20190122,10,245,62,587,-1488,343
149,20190122,10,302,34,852,-2571,133
150,20190122,10,262,43,560,3951,114
151,20190122,6,393,139,1006,-2207,461
152,20190122,16,147,40,323,1949,85
153,20190122,9,262,78,503,1356,31
154,20190122,17,189,48,427,-115,69
155,20190122,12,264,70,1012,564,111
156,20190122,20,167,34,392,1922,71
157,20190122,15,227,41,803,-2546,45
158,20190122,15,205,44,779,2586,6
159,20190122,6,280,62,452,6311,308
160,20190122,9,346,62,858,-1972,2
161,20190122,11,285,37,657,-2650,15
162,20190122,17,267,35,868,-4927,298
163,20190122,9,239,50,530,357,74
164,20190122,6,392,113,715,-1016,325
165,20190122,10,218,35,464,52,369
166,20190122,12,143,38,551,7594,24
167,20190122,8,309,38,924,-785,400
168,20190122,14,226,34,629,-1020,34
169,20190122,15,235,34,1012,-2665,351
170,20190122,16,146,39,731,2771,100
171,20190122,14,195,39,1000,2230,39
172,20190122,13,198,34,706,-520,706
173,20190122,14,218,51,562,3618,562
174,20190122,9,260,81,358,-1695,81
175,20190122,13,185,40,604,-1031,263
176,20190122,10,235,48,749,-522,48
145,20190123,24,172,41,622,2155,32
146,20190123,14,311,38,693,-2747,64
147,20190123,17,205,35,749,-1941,184
148,20190123,12,219,84,509,6626,139
149,20190123,6,406,72,892,-1171,72
150,20190123,9,283,76,599,-1101,139
151,20190123,11,222,78,446,-1845,12
152,20190123,26,150,42,526,841,24
153,20190123,17,231,36,893,1845,71
154,20190123,7,319,87,947,-1139,32
155,20190123,11,306,48,558,-3757,111
156,20190123,7,352,120,751,-1715,6
157,20190123,7,291,34,934,-2161,34
158,20190123,21,170,39,651,3422,65
159,20190123,8,273,56,1029,1357,203
160,20190123,23,249,40,912,-4679,212
161,20190123,17,188,39,646,660,203
162,20190123,18,191,39,630,-35,49
163,20190123,9,226,43,586,935,129
164,20190123,14,269,76,897,-1802,318
165,20190123,10,387,45,1006,-5584,587
166,20190123,8,395,53,1000,-2868,65
167,20190123,15,229,65,1030,1196,21
168,20190123,18,168,34,345,-74,308
169,20190123,7,332,62,839,-2461,62
170,20190123,16,230,35,1000,-337,516
171,20190123,6,365,48,1000,751,30
172,20190123,12,294,68,748,-1769,362
173,20190123,19,154,36,418,649,326
174,20190123,16,182,37,605,2114,147
175,20190123,21,188,44,545,-458,204
176,20190123,19,176,35,926,3216,269
145,20190124,7,263,47,888,-374,27
146,20190124,4,191,46,398,1876,201
147,20190124,5,278,127,516,-1484,516
148,20190124,7,152,71,274,1796,206
149,20190124,9,223,51,586,291,55
150,20190124,3,221,52,389,1345,222
151,20190124,7,197,36,864,-1275,56
152,20190124,4,423,44,1000,-1938,82
153,20190124,3,571,194,893,-2394,194
154,20190124,4,334,60,680,-2373,8
155,20190124,4,234,152,456,2333,28
156,20190124,13,133,37,312,264,134
157,20190124,3,390,81,830,-1884,260
158,20190124,9,219,73,468,1368,1
159,20190124,1,325,325,325,-282,325
160,20190124,10,235,48,593,-2227,220
161,20190124,12,186,46,411,637,288
162,20190124,9,85,37,196,7738,33
163,20190124,5,405,80,801,-3284,80
164,20190124,8,193,45,461,-93,93
165,20190124,6,296,43,446,-2358,43
166,20190124,3,219,72,473,170,114
167,20190124,3,385,305,527,-1301,527
168,20190124,12,122,40,302,4578,31
169,20190124,6,223,37,474,850,9
170,20190124,7,146,65,381,353,65
171,20190124,8,311,106,827,-2320,274
172,20190124,7,206,40,721,-1140,721
173,20190124,6,217,53,552,841,94
174,20190124,4,314,48,820,-1477,48
175,20190124,5,234,55,560,341,560
176,20190124,4,387,122,696,1964,30
145,20190125,11,311,50,1000,-2684,111
146,20190125,24,171,36,493,632,173
147,20190125,17,211,41,532,4752,95
148,20190125,6,349,188,910,3163,188
149,20190125,14,276,50,584,-2165,50
150,20190125,14,201,37,471,-364,229
151,20190125,17,217,34,921,-1233,59
152,20190125,17,253,55,815,-993,21
153,20190125,11,231,40,584,661,524
154,20190125,17,203,34,662,2026,453
155,20190125,13,142,41,402,2200,227
156,20190125,6,235,98,479,3201,143
157,20190125,13,325,46,1005,1311,46
158,20190125,13,298,37,928,-618,280
159,20190125,11,192,37,518,-539,165
160,20190125,14,229,44,708,-1366,109
161,20190125,9,233,96,428,2077,155
162,20190125,13,362,60,743,-2676,4
163,20190125,15,250,39,562,521,562
164,20190125,17,188,48,580,-487,77
165,20190125,16,180,35,402,5912,138
166,20190125,16,177,39,682,5504,39
167,20190125,15,306,34,682,-1111,24
168,20190125,9,241,64,719,387,262
169,20190125,6,290,92,919,-435,919
170,20190125,15,193,41,579,3015,66
171,20190125,14,223,38,842,-423,56
172,20190125,20,185,43,471,1056,296
173,20190125,13,281,63,609,-1683,338
174,20190125,15,306,56,876,-3963,323
175,20190125,15,206,38,645,2126,389
176,20190125,17,256,47,1032,-2118,124
145,20190126,18,257,43,678,-3098,246
146,20190126,15,309,77,1000,-2590,370
147,20190126,16,215,60,531,-815,82
148,20190126,13,211,42,571,54,133
149,20190126,17,268,36,744,1362,385
150,20190126,16,203,34,680,-798,680
151,20190126,25,200,34,550,-819,290
152,20190126,24,197,40,639,3997,557
153,20190126,12,181,34,437,1617,112
154,20190126,20,199,37,516,1038,14
155,20190126,18,202,39,747,-2168,88
156,20190126,8,187,43,1005,3270,109
157,20190126,14,378,82,1000,-3885,112
158,20190126,17,218,36,719,775,46
159,20190126,9,351,47,910,-364,150
160,20190126,17,240,48,717,-1591,14
161,20190126,16,191,51,682,5047,126
162,20190126,19,229,39,1000,-2213,181
163,20190126,14,223,47,1092,-1610,105
164,20190126,13,201,55,659,3577,18
165,20190126,20,230,34,925,-147,125
166,20190126,13,257,55,543,-4800,310
167,20190126,18,223,67,767,-618,156
168,20190126,21,200,51,481,1550,203
169,20190126,16,158,41,381,5367,11
170,20190126,17,331,77,1060,-8510,259
171,20190126,19,233,40,800,-2529,156
172,20190126,17,261,51,868,2103,247
173,20190126,26,141,36,433,3563,142
174,20190126,14,221,39,801,926,122
175,20190126,20,166,41,483,3649,101
176,20190126,13,260,47,1006,312,137
145,20190127,17,258,49,893,-1943,255
146,20190127,14,262,34,1000,-3014,73
147,20190127,13,256,35,1012,-106,104
148,20190127,10,310,48,435,3664,384
149,20190127,23,219,38,558,-844,38
150,20190127,18,243,39,730,-3247,436
151,20190127,22,231,41,871,-1628,260
152,20190127,12,276,37,615,-2905,158
153,20190127,18,250,36,1018,-2524,294
154,20190127,16,301,68,917,-4818,257
155,20190127,23,203,40,713,3063,479
156,20190127,22,124,38,350,5041,86
157,20190127,21,166,42,1000,8287,122
158,20190127,12,248,49,520,358,520
159,20190127,18,290,57,1000,-3790,559
160,20190127,19,200,43,560,-898,298
161,20190127,24,210,51,605,-1621,178
162,20190127,23,199,72,489,2687,160
163,20190127,14,200,53,436,2909,81
164,20190127,16,245,62,662,-2060,470
165,20190127,14,355,64,1006,-6638,488
166,20190127,16,309,36,977,-5336,143
167,20190127,10,381,51,1006,-2762,239
168,20190127,22,187,39,594,3797,18
169,20190127,12,214,54,540,630,540
170,20190127,15,182,39,590,10806,61
171,20190127,22,228,35,993,-2412,217
172,20190127,16,243,39,845,-2534,223
173,20190127,12,256,57,1006,7302,228
174,20190127,18,205,50,751,4168,751
175,20190127,19,170,34,688,5649,56
176,20190127,20,233,56,560,-933,178
145,20190128,20,213,49,695,-2902,66
146,20190128,22,151,38,654,5013,230
147,20190128,16,285,44,859,-4644,275
148,20190128,8,469,63,877,-5167,63
149,20190128,16,301,52,664,-6031,6
150,20190128,15,247,38,786,-27,42
151,20190128,14,200,35,535,2270,57
152,20190128,14,281,53,1000,-2928,118
153,20190128,15,244,46,763,1268,7
154,20190128,9,181,55,441,2838,13
155,20190128,13,168,35,418,2667,35
156,20190128,17,213,39,591,518,591
157,20190128,16,211,37,731,3262,159
158,20190128,9,284,70,624,-1393,363
159,20190128,14,302,40,874,-1195,40
160,20190128,18,201,51,649,4511,191
161,20190128,12,220,62,581,470,130
162,20190128,18,224,37,1006,869,245
163,20190128,11,341,43,734,-1746,43
164,20190128,16,148,45,284,3698,188
165,20190128,15,231,50,863,-1124,196
166,20190128,23,161,42,471,3588,42
167,20190128,9,271,72,564,5946,241
168,20190128,14,238,53,505,191,142
169,20190128,11,266,57,814,-18,87
170,20190128,4,616,368,1006,-4172,24
171,20190128,20,201,41,603,63,1
172,20190128,20,193,36,357,-662,127
173,20190128,6,376,73,823,-2401,402
174,20190128,9,361,40,1012,-4284,398
175,20190128,14,245,39,721,1269,91
176,20190128,21,271,40,1026,-3143,41
145,20190129,11,231,54,762,-897,82
146,20190129,1,422,422,422,-836,422
147,20190129,15,189,42,742,-1074,45
148,20190129,8,297,43,1024,-1140,142
149,20190129,11,191,55,428,2159,318
150,20190129,12,155,34,386,5563,90
151,20190129,10,176,42,386,1821,42
152,20190129,9,250,40,540,-2630,203
153,20190129,5,326,189,567,-1839,25
154,20190129,13,213,35,701,-1321,59
155,20190129,2,292,108,476,320,108
156,20190129,13,198,38,512,777,41
158,20190129,9,214,34,607,-339,37
159,20190129,10,236,37,827,-581,182
160,20190129,8,329,54,689,-3009,16
161,20190129,7,244,60,521,-490,521
162,20190129,1,1001,1001,1001,-1017,23
163,20190129,10,253,44,536,-1581,172
164,20190129,8,249,57,1011,-2269,91
165,20190129,10,246,90,456,-3062,243
166,20190129,3,365,199,529,55,367
167,20190129,13,189,44,645,1314,32
168,20190129,2,336,60,612,-956,60
169,20190129,5,364,42,729,-1002,151
170,20190129,9,313,50,1000,-2826,50
171,20190129,5,286,87,677,1436,111
172,20190129,5,411,100,681,-2717,100
173,20190129,5,356,75,670,-2863,670
174,20190129,6,174,48,259,3577,259
175,20190129,11,147,40,461,5604,74
176,20190129,13,196,35,1000,1330,43
145,20190130,9,376,64,1012,-3199,1
146,20190130,15,195,44,441,1249,7
147,20190130,12,238,59,603,-3033,25
148,20190130,18,218,36,701,504,57
149,20190130,9,313,61,616,-1885,534
150,20190130,8,248,53,587,-2297,550
151,20190130,17,162,35,627,887,9
152,20190130,20,232,34,609,-1222,431
153,20190130,9,138,52,304,-293,27
154,20190130,15,296,66,865,-2590,100
155,20190130,11,312,36,999,1172,3
156,20190130,12,226,41,1025,48,168
157,20190130,16,194,35,807,607,100
158,20190130,16,241,34,892,-2500,67
159,20190130,5,363,51,812,-1334,24
160,20190130,16,282,73,1035,-3318,813
161,20190130,16,212,35,875,1384,72
162,20190130,9,193,37,534,-1454,240
163,20190130,15,286,35,660,-3556,116
164,20190130,20,231,39,1000,-5183,320
165,20190130,11,327,51,1007,-2904,1
166,20190130,9,212,48,483,3835,3
167,20190130,6,337,59,610,-1367,3
168,20190130,9,282,41,829,705,829
169,20190130,5,246,59,488,-799,59
170,20190130,13,176,43,471,817,1
171,20190130,24,171,42,469,3309,22
172,20190130,22,181,44,455,-619,5
173,20190130,11,343,73,1018,-4976,222
174,20190130,11,174,46,343,2217,8
175,20190130,14,157,36,329,3405,120
176,20190130,18,174,35,610,849,6
145,20190131,10,116,34,299,8293,80
146,20190131,2,293,260,327,-238,327
147,20190131,12,162,53,444,2114,53
148,20190131,6,154,44,465,2492,25
149,20190131,11,168,48,453,3722,453
150,20190131,7,128,52,231,530,231
151,20190131,8,308,37,551,-2537,98
152,20190131,6,256,48,559,-986,330
153,20190131,21,195,44,697,-712,178
154,20190131,16,171,35,423,955,264
155,20190131,9,150,38,258,731,169
156,20190131,9,250,72,592,-1432,445
157,20190131,2,196,120,272,2850,272
158,20190131,9,297,49,753,-1517,25
159,20190131,4,336,113,852,1400,24
160,20190131,7,281,55,989,6200,473
161,20190131,10,269,94,672,-869,10
162,20190131,8,212,38,716,-590,289
163,20190131,15,182,36,494,1076,494
164,20190131,17,278,37,629,-6358,37
165,20190131,23,183,35,760,1038,114
166,20190131,6,85,35,164,5953,35
167,20190131,12,193,80,438,2837,336
168,20190131,10,293,70,865,-2032,166
169,20190131,7,202,42,579,3278,12
170,20190131,15,165,54,457,638,156
171,20190131,9,156,40,281,1547,281
172,20190131,13,224,45,388,542,102
173,20190131,14,235,34,577,2691,132
174,20190131,12,180,50,926,212,109
175,20190131,9,195,36,488,142,54
176,20190131,4,452,54,836,-1282,14
145,20190201,20,253,78,681,-4918,424
146,20190201,14,234,54,467,-2658,467
147,20190201,15,179,37,426,3924,202
148,20190201,11,246,34,759,1070,572
149,20190201,26,182,39,551,3530,7
150,20190201,12,171,67,324,5951,67
151,20190201,10,209,40,507,5380,279
152,20190201,19,255,50,558,-1010,22
153,20190201,22,232,44,787,-4114,75
154,20190201,21,165,34,548,281,51
155,20190201,18,215,41,662,-2444,144
156,20190201,18,272,39,838,1166,23
157,20190201,13,160,36,341,3019,79
158,20190201,18,247,48,653,-2133,166
159,20190201,10,303,53,563,-3393,525
160,20190201,15,200,35,637,-2169,145
161,20190201,21,192,42,546,-273,384
162,20190201,12,294,75,898,-3408,91
163,20190201,18,199,47,586,-178,189
164,20190201,16,208,42,768,2980,118
165,20190201,14,211,44,830,3043,52
166,20190201,6,254,95,444,-997,145
167,20190201,9,325,51,714,-1881,544
168,20190201,10,298,37,490,4407,255
169,20190201,9,247,39,616,1411,186
170,20190201,16,205,54,598,-1842,544
171,20190201,19,250,59,869,-1473,116
172,20190201,16,227,40,562,-1505,40
173,20190201,17,201,45,511,690,17
174,20190201,8,339,52,973,-1211,973
175,20190201,11,237,82,437,-483,402
176,20190201,21,233,38,811,252,218
