no,date,count,mean,min,max,diff,first_hit
185,20190108,8,190,69,538,1960,215
186,20190108,6,273,51,717,-661,11
187,20190108,6,222,129,329,-1379,129
188,20190108,12,176,40,541,-265,130
189,20190108,8,293,95,461,-526,461
190,20190108,4,359,130,767,-2438,401
191,20190108,16,192,40,405,23,4
192,20190108,5,187,72,404,-1136,264
193,20190108,10,160,40,329,2784,329
194,20190108,11,217,40,1012,1386,40
195,20190108,9,318,41,772,-2731,49
196,20190108,4,242,112,530,-1143,530
197,20190108,16,180,40,402,-1568,31
198,20190108,10,162,36,432,4324,1
227,20190108,7,211,80,391,516,260
228,20190108,13,233,57,758,-1860,23
229,20190108,6,172,84,343,-70,221
230,20190108,10,268,43,884,-2135,272
231,20190108,17,132,42,289,2156,94
232,20190108,12,138,38,446,406,236
233,20190108,9,206,71,416,2401,182
234,20190108,6,434,67,1000,-3102,1000
235,20190108,5,311,70,700,-490,129
236,20190108,9,257,36,697,-2170,30
237,20190108,8,172,39,408,810,408
238,20190108,12,313,34,791,-5353,588
239,20190108,8,214,57,618,846,343
240,20190108,6,204,35,485,40,170
185,20190109,5,130,34,306,1166,306
186,20190109,4,266,114,477,-904,235
187,20190109,17,177,34,514,564,64
188,20190109,16,168,35,357,691,7
189,20190109,12,177,35,651,485,46
190,20190109,3,75,37,139,795,139
191,20190109,15,310,48,1012,-4175,495
192,20190109,6,233,97,451,-1903,451
193,20190109,10,342,43,949,-3723,43
194,20190109,10,208,34,650,815,650
195,20190109,8,244,67,598,516,30
196,20190109,4,221,38,474,3805,276
197,20190109,14,215,57,575,-2010,66
198,20190109,4,370,39,689,797,135
227,20190109,12,179,84,531,-37,16
228,20190109,13,173,35,399,-222,38
229,20190109,13,204,35,422,-901,11
230,20190109,4,509,105,838,-711,335
231,20190109,12,123,50,339,2524,104
232,20190109,8,95,44,275,2599,275
233,20190109,9,251,59,562,1054,562
234,20190109,15,155,49,322,804,244
235,20190109,7,187,45,440,1977,21
236,20190109,8,300,131,756,-1642,186
237,20190109,6,140,54,356,5028,16
238,20190109,5,223,36,538,5610,108
239,20190109,8,107,38,242,5759,33
240,20190109,5,118,35,285,849,285
185,20190110,11,245,40,698,-1709,9
186,20190110,13,198,36,888,-450,106
187,20190110,7,318,153,935,-2504,295
188,20190110,7,260,43,645,2409,135
189,20190110,12,208,45,597,1947,291
190,20190110,3,218,147,282,3146,147
191,20190110,18,190,49,645,-398,85
192,20190110,11,191,39,535,1456,180
193,20190110,9,219,41,495,75,211
194,20190110,5,162,69,321,5500,32
227,20190110,9,193,40,707,1886,147
228,20190110,15,199,37,498,561,49
229,20190110,13,162,39,331,1163,72
230,20190110,19,193,37,449,-969,54
231,20190110,3,350,84,547,-1507,421
232,20190110,6,340,76,631,-315,188
233,20190110,12,243,62,520,-1205,520
234,20190110,11,301,49,763,-3369,173
235,20190110,6,378,129,681,-3096,483
236,20190110,13,193,42,453,1993,118
237,20190110,10,189,74,470,-376,94
238,20190110,16,142,38,872,1593,20
239,20190110,11,230,34,571,723,310
240,20190110,11,277,65,558,-3401,112
185,20190111,11,121,38,345,4873,115
186,20190111,2,265,187,343,-227,7
187,20190111,15,180,34,607,1722,72
188,20190111,13,194,38,438,240,157
189,20190111,6,354,39,851,-3593,851
190,20190111,13,279,34,1000,-2892,102
191,20190111,8,277,42,556,-2608,384
192,20190111,8,286,42,1088,-3029,42
193,20190111,6,320,44,614,-2047,614
194,20190111,7,165,69,435,3867,98
227,20190111,11,238,42,1006,-2142,119
228,20190111,12,387,51,899,-5694,13
229,20190111,7,336,75,992,489,233
230,20190111,12,169,45,368,1235,191
231,20190111,12,234,45,406,-1035,405
232,20190111,9,208,35,416,1045,118
233,20190111,11,163,40,360,-1359,102
234,20190111,15,236,34,757,-632,34
235,20190111,8,157,126,213,2747,136
236,20190111,7,181,50,333,2515,30
237,20190111,4,213,119,455,4585,455
238,20190111,8,260,102,615,-1403,156
239,20190111,4,300,103,430,-1683,430
240,20190111,8,318,130,528,-3698,26
185,20190113,11,213,34,581,-875,63
186,20190113,12,260,51,951,-1502,111
187,20190113,18,199,46,651,203,67
188,20190113,10,189,40,454,-400,124
189,20190113,26,177,34,649,1018,67
190,20190113,15,157,34,500,790,108
191,20190113,19,180,42,511,-51,45
192,20190113,6,218,81,452,272,81
193,20190113,11,234,65,701,1161,693
194,20190113,6,250,52,481,-521,388
195,20190113,14,225,34,972,-2878,85
196,20190113,13,217,35,1011,2930,211
197,20190113,18,206,49,559,39,27
198,20190113,15,163,45,577,2457,149
227,20190113,16,200,36,582,2803,92
228,20190113,21,201,35,979,116,125
229,20190113,12,237,42,457,-3418,413
230,20190113,7,188,58,390,-754,58
231,20190113,6,445,55,1006,-3354,55
232,20190113,22,217,34,959,-2611,133
233,20190113,19,230,36,509,-3923,366
234,20190113,9,267,36,995,598,29
235,20190113,13,217,37,857,-1655,230
236,20190113,16,167,36,430,4207,215
237,20190113,13,205,44,511,-1052,511
238,20190113,17,187,34,431,-368,20
239,20190113,7,320,114,740,-782,114
240,20190113,24,134,36,282,4540,179
185,20190114,12,256,84,464,1531,375
186,20190114,24,196,35,624,-2979,133
187,20190114,13,208,49,412,-509,276
188,20190114,12,205,37,395,768,56
189,20190114,10,348,64,782,-2894,366
190,20190114,20,176,35,548,974,47
191,20190114,6,286,57,584,-1177,57
192,20190114,10,221,60,543,-582,224
193,20190114,23,218,36,613,-1125,232
194,20190114,16,189,35,606,-623,165
195,20190114,8,160,63,392,1103,89
196,20190114,13,270,37,1012,-1084,100
197,20190114,13,351,42,1018,-3347,700
198,20190114,18,263,36,1006,-3467,76
227,20190114,15,187,37,821,2424,17
228,20190114,12,193,48,710,2858,48
229,20190114,12,201,38,468,4136,86
230,20190114,9,277,53,569,2170,67
231,20190114,23,149,37,460,3724,125
232,20190114,26,137,35,572,1379,572
233,20190114,9,158,53,317,2714,217
234,20190114,8,232,34,1012,-1452,34
235,20190114,30,203,44,1000,618,75
236,20190114,7,310,93,670,-2288,118
237,20190114,9,252,127,597,1298,597
238,20190114,16,238,36,1005,141,41
239,20190114,11,211,52,375,-987,375
240,20190114,7,322,153,664,-996,562
185,20190115,7,188,63,387,1306,3
186,20190115,12,216,35,825,-1492,366
187,20190115,4,181,73,410,5548,410
188,20190115,5,219,58,454,1937,58
189,20190115,10,220,38,1012,-1598,1012
190,20190115,10,169,37,823,1895,86
191,20190115,9,169,47,430,433,284
192,20190115,8,352,41,1013,-3273,46
193,20190115,6,317,46,594,-2415,145
194,20190115,3,259,186,298,1278,293
195,20190115,8,249,36,666,-32,52
196,20190115,5,192,60,531,3117,135
197,20190115,16,127,42,375,4283,158
198,20190115,6,159,74,345,-803,136
227,20190115,3,230,172,312,54,312
228,20190115,4,151,48,201,-27,48
229,20190115,12,124,36,362,1412,48
230,20190115,7,310,103,533,-2051,103
231,20190115,3,185,87,254,379,254
232,20190115,11,163,59,396,-55,78
233,20190115,6,223,101,296,1150,202
234,20190115,6,145,70,313,1033,80
235,20190115,5,281,72,619,-1312,619
236,20190115,15,189,42,902,453,107
237,20190115,2,398,94,703,-1530,703
238,20190115,11,187,89,322,814,219
239,20190115,5,243,46,530,-816,136
240,20190115,11,224,92,394,-1245,360
185,20190117,4,168,53,399,4672,24
186,20190117,3,201,62,330,-321,62
187,20190117,11,134,34,520,4587,50
188,20190117,12,161,35,465,-55,77
189,20190117,16,200,34,731,269,80
190,20190117,7,212,37,390,-1296,30
191,20190117,7,252,65,714,-915,156
192,20190117,2,187,44,330,-526,330
193,20190117,8,208,68,506,-843,152
194,20190117,6,367,54,1000,-3053,183
195,20190117,8,292,44,777,-2529,44
196,20190117,5,264,112,448,1136,112
197,20190117,3,342,67,690,-1625,67
198,20190117,12,168,57,338,383,172
227,20190117,5,304,36,620,-1670,44
228,20190117,3,452,174,615,130,615
229,20190117,9,190,61,540,6687,23
230,20190117,1,55,55,55,87,55
231,20190117,5,169,96,250,227,10
232,20190117,3,231,59,510,1045,26
233,20190117,8,223,55,590,418,25
234,20190117,3,127,97,167,1143,119
235,20190117,10,182,48,616,987,290
236,20190117,13,261,34,1001,-2453,817
237,20190117,5,177,41,467,-55,467
238,20190117,10,251,41,608,46,104
239,20190117,2,81,36,126,378,36
240,20190117,11,129,51,449,5621,51
185,20190118,9,166,43,740,5506,51
186,20190118,12,148,43,388,3923,17
187,20190118,6,136,64,190,-134,135
188,20190118,6,252,71,762,-915,118
189,20190118,4,158,36,350,1193,350
190,20190118,7,211,35,411,-400,103
191,20190118,6,379,81,935,-1224,16
192,20190118,8,162,44,265,-824,19
193,20190118,11,145,34,251,1550,161
194,20190118,17,192,35,512,-710,15
195,20190118,16,253,47,1018,-3333,75
196,20190118,1,264,264,264,-340,264
197,20190118,3,388,135,555,-814,135
198,20190118,8,328,72,799,-2076,210
227,20190118,15,150,34,309,2581,46
228,20190118,11,247,62,787,-1646,382
229,20190118,2,161,102,220,6172,102
230,20190118,5,112,53,173,-163,53
231,20190118,11,191,51,646,1012,646
232,20190118,8,263,74,704,-2114,121
233,20190118,9,154,47,413,1214,171
234,20190118,11,334,62,980,-4901,467
235,20190118,3,126,34,183,331,183
236,20190118,16,251,55,675,-2601,508
237,20190118,8,223,48,580,-2395,198
238,20190118,21,127,35,342,1385,62
239,20190118,5,233,66,319,-1721,215
240,20190118,7,299,38,725,-184,405
185,20190119,14,200,46,501,-960,332
186,20190119,3,334,111,629,522,262
187,20190119,16,156,43,576,1067,48
188,20190119,12,216,36,588,4619,29
189,20190119,5,202,35,593,1068,13
190,20190119,5,406,141,1012,2378,162
191,20190119,16,201,43,747,821,15
192,20190119,11,325,38,1001,-5108,400
193,20190119,8,256,70,575,-2403,70
194,20190119,13,154,35,474,-947,474
195,20190119,12,205,34,778,2709,34
196,20190119,10,225,55,585,1687,101
197,20190119,14,180,34,374,1518,87
198,20190119,9,226,47,629,5612,47
227,20190119,22,182,35,534,1202,123
228,20190119,14,175,35,456,1943,43
229,20190119,8,241,64,734,-1002,91
230,20190119,11,267,51,848,-298,848
231,20190119,13,200,34,706,1487,130
232,20190119,16,192,38,581,288,91
233,20190119,2,883,766,1000,-182,766
234,20190119,11,222,58,481,264,58
235,20190119,25,170,60,679,2286,82
236,20190119,13,176,34,511,1320,204
237,20190119,12,193,59,704,342,95
238,20190119,13,181,59,337,236,92
239,20190119,14,234,42,757,1065,3
240,20190119,13,177,42,780,985,103
185,20190120,12,237,38,537,639,23
186,20190120,11,292,41,1062,-1832,58
187,20190120,10,242,41,676,-1945,676
188,20190120,9,218,42,640,-393,25
189,20190120,12,147,50,711,-394,141
190,20190120,8,158,50,506,3991,77
191,20190120,8,208,37,539,554,8
192,20190120,19,139,42,538,9059,538
193,20190120,12,241,52,880,123,52
194,20190120,10,250,38,1006,-966,153
195,20190120,11,269,62,771,-786,9
196,20190120,16,200,49,439,333,49
197,20190120,7,221,51,641,-1684,122
198,20190120,12,301,41,733,-3624,143
227,20190120,9,344,112,779,-3462,164
228,20190120,7,379,35,634,-3297,618
229,20190120,11,249,45,849,-827,45
230,20190120,14,232,37,1000,-979,206
231,20190120,10,251,43,563,-2914,524
232,20190120,22,165,38,681,1413,212
233,20190120,9,206,42,793,2990,210
234,20190120,11,197,37,1011,-325,37
235,20190120,8,248,47,1000,-1469,91
236,20190120,12,283,38,1001,1973,368
237,20190120,8,221,45,672,4325,457
238,20190120,21,133,34,280,5387,79
239,20190120,7,346,40,745,-1653,348
240,20190120,12,233,70,834,-1103,327
185,20190121,3,214,63,452,1181,127
186,20190121,8,163,37,428,-1082,166
187,20190121,10,282,58,1000,-3094,178
188,20190121,4,260,50,638,676,50
189,20190121,5,237,107,337,754,218
190,20190121,1,97,97,97,4053,97
191,20190121,1,462,462,462,-636,462
192,20190121,6,130,56,197,254,8
193,20190121,7,210,42,739,-381,42
194,20190121,10,176,53,415,176,216
195,20190121,10,327,62,949,-4082,157
196,20190121,3,251,138,454,893,454
197,20190121,8,319,50,748,-2482,50
198,20190121,13,192,55,406,-241,23
227,20190121,7,338,54,1001,-2434,380
228,20190121,14,147,36,438,929,185
229,20190121,6,181,39,525,-395,125
230,20190121,9,180,47,527,2262,109
231,20190121,10,281,54,832,-2311,54
232,20190121,2,214,61,367,-589,367
233,20190121,6,174,95,272,1337,213
234,20190121,2,704,503,905,-2752,503
235,20190121,10,185,53,361,4100,20
236,20190121,6,207,47,696,-295,47
237,20190121,6,232,69,557,657,6
238,20190121,6,122,40,253,1908,253
239,20190121,7,332,97,750,-3413,750
240,20190121,5,280,35,789,-2073,789
185,20190122,6,194,35,429,-192,149
186,20190122,11,207,74,485,-2261,141
187,20190122,6,413,128,620,-3364,620
188,20190122,3,164,71,300,-151,300
189,20190122,11,184,43,569,-111,9
190,20190122,8,128,49,243,-329,243
191,20190122,7,315,44,1005,-428,24
192,20190122,10,153,42,368,129,42
193,20190122,4,120,50,199,-124,118
194,20190122,10,152,40,429,3656,128
195,20190122,11,168,68,478,2561,120
196,20190122,2,316,123,509,1677,123
197,20190122,10,196,38,844,-602,66
198,20190122,11,197,49,623,3578,104
227,20190122,7,309,38,839,2694,5
228,20190122,3,237,50,375,7453,375
229,20190122,3,246,50,549,-851,50
230,20190122,4,183,76,389,-381,76
231,20190122,20,183,40,721,499,175
232,20190122,6,181,70,288,3013,181
233,20190122,8,133,35,273,-162,273
234,20190122,12,136,34,271,1426,2
235,20190122,9,183,40,462,899,395
236,20190122,1,548,548,548,-889,548
237,20190122,3,99,34,162,2457,103
238,20190122,4,124,81,224,324,224
239,20190122,2,262,150,374,611,24
240,20190122,7,205,69,405,205,17
185,20190123,14,310,61,738,-3430,132
186,20190123,14,296,48,822,-684,690
187,20190123,11,174,34,494,5681,13
188,20190123,14,231,38,617,-193,38
189,20190123,6,328,63,709,-930,163
190,20190123,15,192,55,471,1364,55
191,20190123,10,298,41,821,-2894,636
192,20190123,5,261,64,412,1604,326
193,20190123,10,202,86,405,2232,160
194,20190123,10,293,34,1000,-3366,1000
195,20190123,11,200,58,558,4506,24
196,20190123,6,269,45,645,-2144,523
197,20190123,14,177,38,724,165,73
198,20190123,18,196,47,865,845,760
227,20190123,7,308,73,589,-1394,149
228,20190123,4,238,158,404,-46,191
229,20190123,14,165,34,374,3003,182
230,20190123,8,205,53,445,2060,161
231,20190123,14,240,35,505,1293,22
232,20190123,9,216,49,535,-1988,535
233,20190123,13,152,40,510,2210,91
234,20190123,23,149,35,739,1709,111
235,20190123,14,158,38,357,7,38
236,20190123,15,223,34,613,2342,1
237,20190123,11,304,47,937,-3828,70
238,20190123,7,149,34,414,503,92
239,20190123,4,267,68,765,1791,765
240,20190123,16,185,38,426,686,285
185,20190124,11,230,39,484,-1869,451
186,20190124,3,139,40,251,1235,126
187,20190124,2,396,278,514,1076,5
188,20190124,9,193,53,390,3461,121
189,20190124,14,126,36,235,506,235
190,20190124,1,514,514,514,122,514
191,20190124,9,167,48,374,1843,243
193,20190124,10,273,45,854,-1703,104
194,20190124,8,188,34,466,1903,34
195,20190124,3,199,46,466,671,46
196,20190124,3,245,100,446,-359,190
197,20190124,7,205,76,572,-114,572
198,20190124,6,290,51,824,1490,13
227,20190124,12,213,38,627,-1843,86
228,20190124,13,173,42,934,-124,55
229,20190124,1,119,119,119,-159,119
230,20190124,1,274,274,274,-384,274
231,20190124,5,281,95,438,-459,334
232,20190124,9,197,40,386,-1142,92
233,20190124,1,143,143,143,123,143
234,20190124,6,202,38,435,-281,435
236,20190124,6,153,42,303,1652,234
237,20190124,2,366,131,601,-407,131
238,20190124,6,252,53,635,-1926,231
239,20190124,3,125,74,203,3526,203
240,20190124,7,263,78,735,6190,186
185,20190125,26,197,40,695,436,108
186,20190125,22,209,37,699,1586,16
187,20190125,2,226,101,351,-498,351
188,20190125,11,184,89,361,170,93
189,20190125,11,295,39,768,-2526,768
190,20190125,5,285,59,498,-716,88
191,20190125,7,247,93,519,3663,144
192,20190125,15,241,34,1041,-3322,58
193,20190125,18,187,34,727,623,192
194,20190125,8,234,59,698,2038,78
195,20190125,7,275,38,999,-1892,232
196,20190125,10,266,48,654,-2361,274
197,20190125,12,230,70,523,-1765,156
198,20190125,16,170,37,557,2225,56
227,20190125,14,228,35,665,1845,35
228,20190125,7,191,44,367,184,354
229,20190125,17,203,43,430,1299,22
230,20190125,7,186,36,485,2040,104
231,20190125,28,187,41,612,-183,65
232,20190125,14,287,52,1024,4753,31
233,20190125,10,199,35,519,-203,519
234,20190125,14,175,41,684,665,93
235,20190125,13,260,41,1035,2083,103
236,20190125,17,164,41,358,3386,60
237,20190125,8,241,79,476,-500,472
238,20190125,18,213,50,514,73,395
239,20190125,12,190,43,542,211,122
240,20190125,12,255,36,848,1147,19
185,20190126,15,195,53,527,3725,31
186,20190126,5,255,48,611,-127,93
187,20190126,9,303,42,781,-3275,10
188,20190126,7,307,77,656,-411,296
189,20190126,15,154,45,521,4293,122
190,20190126,14,197,40,442,1712,23
191,20190126,11,248,36,706,-3139,36
192,20190126,17,171,41,487,1136,70
193,20190126,10,220,34,1000,807,224
194,20190126,9,202,62,374,163,79
195,20190126,5,370,107,652,-674,652
196,20190126,8,268,56,1006,-1739,425
197,20190126,15,166,42,436,-84,27
198,20190126,8,305,74,985,-923,99
227,20190126,11,202,36,1000,-1649,52
228,20190126,6,337,81,839,-3144,81
229,20190126,16,246,44,680,1324,70
230,20190126,1,318,318,318,-600,318
231,20190126,21,185,34,537,-332,89
232,20190126,13,234,34,1000,3693,48
233,20190126,14,154,44,392,5672,53
234,20190126,11,217,41,656,66,342
235,20190126,2,266,210,323,-731,210
236,20190126,5,218,74,494,-489,494
237,20190126,7,227,68,489,4170,26
238,20190126,10,237,49,621,6084,3
239,20190126,3,267,41,580,-1043,180
240,20190126,10,320,46,599,-1882,216
185,20190127,6,311,104,674,-425,19
186,20190127,10,208,41,754,3200,142
187,20190127,20,204,37,846,-1143,846
188,20190127,9,285,118,1024,-2243,170
189,20190127,3,331,66,772,1515,155
190,20190127,10,264,93,1000,-1539,155
191,20190127,3,223,140,357,990,357
192,20190127,6,338,157,591,-2154,205
193,20190127,9,218,55,881,-757,270
194,20190127,12,219,64,430,4912,430
195,20190127,8,258,45,792,208,63
196,20190127,4,204,67,381,3952,381
197,20190127,18,124,37,415,10594,89
198,20190127,6,169,63,515,1306,93
227,20190127,13,243,41,721,-3460,99
228,20190127,7,245,36,573,-1025,202
229,20190127,16,246,46,565,-4161,377
230,20190127,3,161,97,227,674,97
231,20190127,13,195,76,486,2195,133
233,20190127,4,303,62,848,-243,118
234,20190127,10,240,78,416,2685,269
235,20190127,5,288,63,841,951,100
236,20190127,4,235,119,357,-463,330
237,20190127,6,251,36,698,-512,19
238,20190127,13,244,43,729,622,4
239,20190127,7,245,103,645,-335,225
240,20190127,9,319,49,725,-2298,320
185,20190128,8,310,38,896,-2653,97
186,20190128,6,245,34,480,947,82
187,20190128,19,237,37,982,-534,82
188,20190128,18,158,39,539,4198,45
189,20190128,12,135,43,353,2574,43
190,20190128,21,218,36,730,-1452,23
191,20190128,11,296,40,798,-3005,20
192,20190128,8,175,43,391,657,231
193,20190128,17,261,34,893,-4140,15
194,20190128,4,237,36,490,245,36
195,20190128,25,161,35,551,3336,35
196,20190128,7,331,56,928,-3275,114
197,20190128,8,229,78,481,-1020,120
198,20190128,17,205,34,1001,1001,72
227,20190128,16,228,44,1000,-1201,385
228,20190128,7,235,35,775,-409,42
229,20190128,23,151,37,415,3343,82
230,20190128,4,377,86,809,-227,20
231,20190128,14,280,45,1031,-2406,233
232,20190128,16,174,38,391,161,48
233,20190128,7,180,51,430,2117,178
234,20190128,7,292,55,1000,-1504,109
235,20190128,7,418,134,702,-3966,500
236,20190128,6,252,86,530,968,331
237,20190128,10,173,57,376,957,276
238,20190128,7,213,50,440,-1571,248
239,20190128,11,200,38,1012,-1103,127
240,20190128,17,214,41,755,2301,249
185,20190129,9,180,36,460,1544,8
187,20190129,14,192,45,551,855,53
188,20190129,4,203,91,473,177,106
189,20190129,8,171,44,341,-844,159
190,20190129,15,251,34,563,-3771,36
191,20190129,13,227,51,524,-1559,64
192,20190129,8,279,89,562,-3489,562
193,20190129,13,236,35,1000,180,27
194,20190129,6,320,112,599,-887,599
195,20190129,9,190,35,630,787,90
196,20190129,9,259,138,397,852,184
197,20190129,3,168,41,341,-479,41
198,20190129,8,343,87,1000,-2315,87
227,20190129,15,179,40,648,-936,122
228,20190129,11,268,41,571,48,30
229,20190129,4,203,42,471,-938,42
230,20190129,10,156,52,438,2825,76
231,20190129,9,170,80,296,1499,80
232,20190129,8,321,60,1000,-1363,17
233,20190129,5,144,48,203,533,189
234,20190129,8,167,37,385,1791,159
235,20190129,9,218,69,634,-424,163
236,20190129,5,327,80,1000,515,11
237,20190129,8,217,60,443,958,299
238,20190129,4,218,61,369,5301,7
239,20190129,16,151,54,512,2444,56
240,20190129,4,190,53,381,-440,237
185,20190130,7,197,64,622,-175,134
186,20190130,11,245,48,615,-2302,310
187,20190130,14,243,35,923,-1148,923
188,20190130,13,168,39,414,3552,112
189,20190130,10,337,35,1006,-4908,87
190,20190130,12,263,85,937,-3250,93
191,20190130,14,138,58,333,4875,58
192,20190130,14,256,53,1006,-2655,154
193,20190130,24,194,38,644,-1686,45
194,20190130,10,249,35,1018,-1872,65
195,20190130,11,275,62,538,-785,5
196,20190130,15,232,56,515,-858,56
197,20190130,11,266,35,697,-2722,1
198,20190130,21,269,54,925,-5320,85
227,20190130,6,249,38,1000,1660,20
228,20190130,14,202,36,536,783,67
229,20190130,7,237,98,619,1271,2
230,20190130,14,267,47,657,-4404,99
231,20190130,10,210,70,435,-995,435
232,20190130,10,281,81,552,938,360
233,20190130,11,261,47,832,-2630,1
234,20190130,7,385,118,1001,-4258,9
235,20190130,15,215,51,659,245,73
236,20190130,13,130,36,348,223,89
237,20190130,10,335,69,1000,-2640,31
238,20190130,7,191,88,443,1483,88
239,20190130,12,208,35,919,-342,14
240,20190130,11,208,60,640,17,17
185,20190131,11,199,37,579,-1579,53
186,20190131,3,354,143,544,-1247,544
187,20190131,12,160,42,392,-399,111
188,20190131,5,255,34,444,-1207,16
189,20190131,8,144,38,366,5943,326
190,20190131,11,231,70,842,-764,93
191,20190131,1,44,44,44,-11,44
192,20190131,15,169,35,751,1278,751
193,20190131,9,189,54,580,2301,8
194,20190131,6,101,34,244,2738,74
195,20190131,7,323,35,618,-2665,51
196,20190131,3,172,108,280,-106,108
197,20190131,17,139,41,375,3422,102
198,20190131,7,319,92,643,252,474
227,20190131,21,205,37,843,-3792,60
228,20190131,5,197,89,336,326,160
229,20190131,3,308,153,451,-46,451
230,20190131,4,204,107,374,-83,195
231,20190131,8,165,47,308,792,192
232,20190131,10,200,46,931,4248,100
233,20190131,5,185,62,463,1608,98
234,20190131,9,183,34,708,-1351,34
235,20190131,11,149,36,583,1169,115
236,20190131,9,126,48,335,1537,92
237,20190131,8,230,34,1000,748,107
238,20190131,3,241,165,354,-356,354
239,20190131,12,157,34,373,312,34
240,20190131,5,367,143,764,-2683,764
185,20190201,4,200,108,416,662,416
186,20190201,15,246,34,716,-1118,30
187,20190201,5,201,40,443,-455,286
188,20190201,5,180,95,443,-677,143
189,20190201,7,247,39,536,1916,5
190,20190201,7,364,145,554,-3169,514
191,20190201,10,201,96,534,-541,115
192,20190201,7,285,59,763,-1199,4
193,20190201,4,143,46,260,1361,260
194,20190201,2,502,399,605,-1819,399
195,20190201,14,191,54,511,2188,294
196,20190201,12,162,38,525,3892,38
197,20190201,6,287,55,1006,-2210,1006
198,20190201,12,228,37,777,3655,125
227,20190201,15,171,42,607,3900,91
228,20190201,8,333,69,1006,-1827,141
229,20190201,6,251,54,975,451,54
230,20190201,12,183,67,494,7731,177
231,20190201,7,235,39,484,-622,287
232,20190201,6,263,34,548,-1742,59
233,20190201,8,249,99,484,-2254,99
234,20190201,12,246,71,507,2666,11
235,20190201,7,172,43,470,1065,27
236,20190201,9,181,53,504,1449,53
237,20190201,12,150,37,383,1890,51
238,20190201,4,192,48,366,1310,150
239,20190201,8,236,64,749,-1297,27
240,20190201,15,206,44,519,2259,44
